<?xml version="1.0" encoding="UTF-8"?>
<testsuite xmlns:xsi="http://www.w3.org/2001/XMLSchema-instance" xsi:noNamespaceSchemaLocation="https://maven.apache.org/surefire/maven-surefire-plugin/xsd/surefire-test-report.xsd" version="3.0.2" name="com.company.deliverylistener.service.RetryRoutingServiceTest" time="0.037" tests="6" errors="0" skipped="0" failures="0">
  <properties>
[...]
</properties>
  <testcase name="maxAttempts1_dlImmediately" classname="com.company.deliverylistener.service.RetryRoutingServiceTest" time="0.029">
    <system-out><![CDATA[09:46:17.090 [main] WARN com.company.deliverylistener.application.service.RetryRoutingService -- Retries exhausted for subscriptionId=sub-1 currentStage=MAIN attempts=1 – routing to DL
]]></system-out>
  </testcase>
  <testcase name="nonRetriableFailure_routesDirectlyToDl" classname="com.company.deliverylistener.service.RetryRoutingServiceTest" time="0.001">
    <system-out><![CDATA[09:46:17.092 [main] WARN com.company.deliverylistener.application.service.RetryRoutingService -- Non-retriable failure for subscriptionId=sub-1 reason=Not Found – routing to DL
]]></system-out>
  </testcase>
  <testcase name="retriableFailureOnR1_routesToR2" classname="com.company.deliverylistener.service.RetryRoutingServiceTest" time="0.002">
    <system-out><![CDATA[09:46:17.094 [main] INFO com.company.deliverylistener.application.service.RetryRoutingService -- Routing to R2 for subscriptionId=sub-1 correlationId=corr-1
]]></system-out>
  </testcase>
  <testcase name="retriableFailureOnMain_routesToR1" classname="com.company.deliverylistener.service.RetryRoutingServiceTest" time="0.001">
    <system-out><![CDATA[09:46:17.096 [main] INFO com.company.deliverylistener.application.service.RetryRoutingService -- Routing to R1 for subscriptionId=sub-1 correlationId=corr-1
]]></system-out>
  </testcase>
  <testcase name="retriableFailureOnR2_routesToR3" classname="com.company.deliverylistener.service.RetryRoutingServiceTest" time="0.001">
    <system-out><![CDATA[09:46:17.097 [main] INFO com.company.deliverylistener.application.service.RetryRoutingService -- Routing to R3 for subscriptionId=sub-1 correlationId=corr-1
]]></system-out>
  </testcase>
  <testcase name="retriableFailureOnR3_routesToDl" classname="com.company.deliverylistener.service.RetryRoutingServiceTest" time="0.001">
    <system-out><![CDATA[09:46:17.098 [main] WARN com.company.deliverylistener.application.service.RetryRoutingService -- Retries exhausted for subscriptionId=sub-1 currentStage=R3 attempts=1 – routing to DL
]]></system-out>
  </testcase>
</testsuite>