<?xml version="1.0" encoding="UTF-8"?>
<testsuite xmlns:xsi="http://www.w3.org/2001/XMLSchema-instance" xsi:noNamespaceSchemaLocation="https://maven.apache.org/surefire/maven-surefire-plugin/xsd/surefire-test-report.xsd" version="3.0.2" name="com.company.deliverylistener.service.SubscriptionCacheServiceTest" time="0.45" tests="7" errors="0" skipped="0" failures="0">
  <properties>
[...]
</properties>
  <testcase name="refreshFailure_retainsLastGoodCache" classname="com.company.deliverylistener.service.SubscriptionCacheServiceTest" time="0.434">
    <system-out><![CDATA[09:46:16.903 [main] INFO com.company.deliverylistener.application.service.SubscriptionCacheService -- Refreshing subscription cache from DynamoDB
09:46:16.904 [main] INFO com.company.deliverylistener.application.service.SubscriptionCacheService -- Subscription cache refreshed: total=1 active=1 topics=[Microsoft.cardShip.v1.0]
09:46:16.905 [main] INFO com.company.deliverylistener.application.service.SubscriptionCacheService -- Refreshing subscription cache from DynamoDB
09:46:16.906 [main] ERROR com.company.deliverylistener.application.service.SubscriptionCacheService -- Failed to refresh subscription cache – retaining last known good snapshot. Error: DynamoDB unavailable
java.lang.RuntimeException: DynamoDB unavailable
	at com.company.deliverylistener.application.service.SubscriptionCacheService.refresh(SubscriptionCacheService.java:104)
	at com.company.deliverylistener.service.SubscriptionCacheServiceTest.refreshFailure_retainsLastGoodCache(SubscriptionCacheServiceTest.java:116)
	at java.base/jdk.internal.reflect.DirectMethodHandleAccessor.invoke(DirectMethodHandleAccessor.java:103)
	at java.base/java.lang.reflect.Method.invoke(Method.java:580)
	at org.junit.platform.commons.util.ReflectionUtils.invokeMethod(ReflectionUtils.java:775)
	at org.junit.platform.commons.support.ReflectionSupport.invokeMethod(ReflectionSupport.java:479)
	at org.junit.jupiter.engine.execution.MethodInvocation.proceed(MethodInvocation.java:60)
	at org.junit.jupiter.engine.execution.InvocationInterceptorChain$ValidatingInvocation.proceed(InvocationInterceptorChain.java:131)
	at org.junit.jupiter.engine.extension.TimeoutExtension.intercept(TimeoutExtension.java:161)
	at org.junit.jupiter.engine.extension.TimeoutExtension.interceptTestableMethod(TimeoutExtension.java:152)
	at org.junit.jupiter.engine.extension.TimeoutExtension.interceptTestMethod(TimeoutExtension.java:91)
	at org.junit.jupiter.engine.execution.InterceptingExecutableInvoker$ReflectiveInterceptorCall.lambda$ofVoidMethod$0(InterceptingExecutableInvoker.java:112)
	at org.junit.jupiter.engine.execution.InterceptingExecutableInvoker.lambda$invoke$0(InterceptingExecutableInvoker.java:94)
	at org.junit.jupiter.engine.execution.InvocationInterceptorChain$InterceptedInvocation.proceed(InvocationInterceptorChain.java:106)
	at org.junit.jupiter.engine.execution.InvocationInterceptorChain.proceed(InvocationInterceptorChain.java:64)
	at org.junit.jupiter.engine.execution.InvocationInterceptorChain.chainAndInvoke(InvocationInterceptorChain.java:45)
	at org.junit.jupiter.engine.execution.InvocationInterceptorChain.invoke(InvocationInterceptorChain.java:37)
	at org.junit.jupiter.engine.execution.InterceptingExecutableInvoker.invoke(InterceptingExecutableInvoker.java:93)
	at org.junit.jupiter.engine.execution.InterceptingExecutableInvoker.invoke(InterceptingExecutableInvoker.java:87)
	at org.junit.jupiter.engine.descriptor.TestMethodTestDescriptor.lambda$invokeTestMethod$7(TestMethodTestDescriptor.java:216)
	at org.junit.platform.engine.support.hierarchical.ThrowableCollector.execute(ThrowableCollector.java:73)
	at org.junit.jupiter.engine.descriptor.TestMethodTestDescriptor.invokeTestMethod(TestMethodTestDescriptor.java:212)
	at org.junit.jupiter.engine.descriptor.TestMethodTestDescriptor.execute(TestMethodTestDescriptor.java:137)
	at org.junit.jupiter.engine.descriptor.TestMethodTestDescriptor.execute(TestMethodTestDescriptor.java:69)
	at org.junit.platform.engine.support.hierarchical.NodeTestTask.lambda$executeRecursively$6(NodeTestTask.java:156)
	at org.junit.platform.engine.support.hierarchical.ThrowableCollector.execute(ThrowableCollector.java:73)
	at org.junit.platform.engine.support.hierarchical.NodeTestTask.lambda$executeRecursively$8(NodeTestTask.java:146)
	at org.junit.platform.engine.support.hierarchical.Node.around(Node.java:137)
	at org.junit.platform.engine.support.hierarchical.NodeTestTask.lambda$executeRecursively$9(NodeTestTask.java:144)
	at org.junit.platform.engine.support.hierarchical.ThrowableCollector.execute(ThrowableCollector.java:73)
	at org.junit.platform.engine.support.hierarchical.NodeTestTask.executeRecursively(NodeTestTask.java:143)
	at org.junit.platform.engine.support.hierarchical.NodeTestTask.execute(NodeTestTask.java:100)
	at java.base/java.util.ArrayList.forEach(ArrayList.java:1596)
	at org.junit.platform.engine.support.hierarchical.SameThreadHierarchicalTestExecutorService.invokeAll(SameThreadHierarchicalTestExecutorService.java:41)
	at org.junit.platform.engine.support.hierarchical.NodeTestTask.lambda$executeRecursively$6(NodeTestTask.java:160)
	at org.junit.platform.engine.support.hierarchical.ThrowableCollector.execute(ThrowableCollector.java:73)
	at org.junit.platform.engine.support.hierarchical.NodeTestTask.lambda$executeRecursively$8(NodeTestTask.java:146)
	at org.junit.platform.engine.support.hierarchical.Node.around(Node.java:137)
	at org.junit.platform.engine.support.hierarchical.NodeTestTask.lambda$executeRecursively$9(NodeTestTask.java:144)
	at org.junit.platform.engine.support.hierarchical.ThrowableCollector.execute(ThrowableCollector.java:73)
	at org.junit.platform.engine.support.hierarchical.NodeTestTask.executeRecursively(NodeTestTask.java:143)
	at org.junit.platform.engine.support.hierarchical.NodeTestTask.execute(NodeTestTask.java:100)
	at java.base/java.util.ArrayList.forEach(ArrayList.java:1596)
	at org.junit.platform.engine.support.hierarchical.SameThreadHierarchicalTestExecutorService.invokeAll(SameThreadHierarchicalTestExecutorService.java:41)
	at org.junit.platform.engine.support.hierarchical.NodeTestTask.lambda$executeRecursively$6(NodeTestTask.java:160)
	at org.junit.platform.engine.support.hierarchical.ThrowableCollector.execute(ThrowableCollector.java:73)
	at org.junit.platform.engine.support.hierarchical.NodeTestTask.lambda$executeRecursively$8(NodeTestTask.java:146)
	at org.junit.platform.engine.support.hierarchical.Node.around(Node.java:137)
	at org.junit.platform.engine.support.hierarchical.NodeTestTask.lambda$executeRecursively$9(NodeTestTask.java:144)
	at org.junit.platform.engine.support.hierarchical.ThrowableCollector.execute(ThrowableCollector.java:73)
	at org.junit.platform.engine.support.hierarchical.NodeTestTask.executeRecursively(NodeTestTask.java:143)
	at org.junit.platform.engine.support.hierarchical.NodeTestTask.execute(NodeTestTask.java:100)
	at org.junit.platform.engine.support.hierarchical.SameThreadHierarchicalTestExecutorService.submit(SameThreadHierarchicalTestExecutorService.java:35)
	at org.junit.platform.engine.support.hierarchical.HierarchicalTestExecutor.execute(HierarchicalTestExecutor.java:57)
	at org.junit.platform.engine.support.hierarchical.HierarchicalTestEngine.execute(HierarchicalTestEngine.java:54)
	at org.junit.platform.launcher.core.EngineExecutionOrchestrator.execute(EngineExecutionOrchestrator.java:201)
	at org.junit.platform.launcher.core.EngineExecutionOrchestrator.execute(EngineExecutionOrchestrator.java:170)
	at org.junit.platform.launcher.core.EngineExecutionOrchestrator.execute(EngineExecutionOrchestrator.java:94)
	at org.junit.platform.launcher.core.EngineExecutionOrchestrator.lambda$execute$0(EngineExecutionOrchestrator.java:59)
	at org.junit.platform.launcher.core.EngineExecutionOrchestrator.withInterceptedStreams(EngineExecutionOrchestrator.java:142)
	at org.junit.platform.launcher.core.EngineExecutionOrchestrator.execute(EngineExecutionOrchestrator.java:58)
	at org.junit.platform.launcher.core.DefaultLauncher.execute(DefaultLauncher.java:103)
	at org.junit.platform.launcher.core.DefaultLauncher.execute(DefaultLauncher.java:85)
	at org.junit.platform.launcher.core.DelegatingLauncher.execute(DelegatingLauncher.java:47)
	at org.junit.platform.launcher.core.InterceptingLauncher.lambda$execute$1(InterceptingLauncher.java:39)
	at org.junit.platform.launcher.core.ClasspathAlignmentCheckingLauncherInterceptor.intercept(ClasspathAlignmentCheckingLauncherInterceptor.java:25)
	at org.junit.platform.launcher.core.InterceptingLauncher.execute(InterceptingLauncher.java:38)
	at org.junit.platform.launcher.core.DelegatingLauncher.execute(DelegatingLauncher.java:47)
	at org.apache.maven.surefire.junitplatform.LazyLauncher.execute(LazyLauncher.java:56)
	at org.apache.maven.surefire.junitplatform.JUnitPlatformProvider.execute(JUnitPlatformProvider.java:194)
	at org.apache.maven.surefire.junitplatform.JUnitPlatformProvider.invokeAllTests(JUnitPlatformProvider.java:150)
	at org.apache.maven.surefire.junitplatform.JUnitPlatformProvider.invoke(JUnitPlatformProvider.java:124)
	at org.apache.maven.surefire.booter.ForkedBooter.runSuitesInProcess(ForkedBooter.java:385)
	at org.apache.maven.surefire.booter.ForkedBooter.execute(ForkedBooter.java:162)
	at org.apache.maven.surefire.booter.ForkedBooter.run(ForkedBooter.java:507)
	at org.apache.maven.surefire.booter.ForkedBooter.main(ForkedBooter.java:495)
]]></system-out>
    <system-err><![CDATA[Mockito is currently self-attaching to enable the inline-mock-maker. This will no longer work in future releases of the JDK. Please add Mockito as an agent to your build as described in Mockito's documentation: https://javadoc.io/doc/org.mockito/mockito-core/latest/org.mockito/org/mockito/Mockito.html#0.3
WARNING: A Java agent has been loaded dynamically (/Users/sobhan/.m2/repository/net/bytebuddy/byte-buddy-agent/1.17.5/byte-buddy-agent-1.17.5.jar)
WARNING: If a serviceability tool is in use, please run with -XX:+EnableDynamicAgentLoading to hide this warning
WARNING: If a serviceability tool is not in use, please run with -Djdk.instrument.traceUsage for more information
WARNING: Dynamic loading of agents will be disallowed by default in a future release
]]></system-err>
  </testcase>
  <testcase name="inactiveSubscriberStatus_ignoredInCache" classname="com.company.deliverylistener.service.SubscriptionCacheServiceTest" time="0.002">
    <system-out><![CDATA[09:46:16.912 [main] INFO com.company.deliverylistener.application.service.SubscriptionCacheService -- Refreshing subscription cache from DynamoDB
09:46:16.912 [main] INFO com.company.deliverylistener.application.service.SubscriptionCacheService -- Subscription cache refreshed: total=1 active=0 topics=[]
]]></system-out>
  </testcase>
  <testcase name="successfulRefresh_replacesOldCache" classname="com.company.deliverylistener.service.SubscriptionCacheServiceTest" time="0.002">
    <system-out><![CDATA[09:46:16.914 [main] INFO com.company.deliverylistener.application.service.SubscriptionCacheService -- Refreshing subscription cache from DynamoDB
09:46:16.914 [main] INFO com.company.deliverylistener.application.service.SubscriptionCacheService -- Subscription cache refreshed: total=1 active=1 topics=[Microsoft.cardShip.v1.0]
09:46:16.914 [main] INFO com.company.deliverylistener.application.service.SubscriptionCacheService -- Refreshing subscription cache from DynamoDB
09:46:16.914 [main] INFO com.company.deliverylistener.application.service.SubscriptionCacheService -- Subscription cache refreshed: total=1 active=1 topics=[Uscb.cardTracker.v1.0]
]]></system-out>
  </testcase>
  <testcase name="loadOnStartup_filtersToActiveOnly" classname="com.company.deliverylistener.service.SubscriptionCacheServiceTest" time="0.001">
    <system-out><![CDATA[09:46:16.916 [main] INFO com.company.deliverylistener.application.service.SubscriptionCacheService -- Refreshing subscription cache from DynamoDB
09:46:16.916 [main] INFO com.company.deliverylistener.application.service.SubscriptionCacheService -- Subscription cache refreshed: total=3 active=2 topics=[Microsoft.cardShip.v1.0, Uscb.Microsoft.cardTracker.v1.0]
]]></system-out>
  </testcase>
  <testcase name="activeTopicNames_returnsDistinctTopics" classname="com.company.deliverylistener.service.SubscriptionCacheServiceTest" time="0.005">
    <system-out><![CDATA[09:46:16.917 [main] INFO com.company.deliverylistener.application.service.SubscriptionCacheService -- Refreshing subscription cache from DynamoDB
09:46:16.918 [main] INFO com.company.deliverylistener.application.service.SubscriptionCacheService -- Subscription cache refreshed: total=3 active=3 topics=[TopicB, TopicA]
]]></system-out>
  </testcase>
  <testcase name="inactiveTopicStatus_ignoredInCache" classname="com.company.deliverylistener.service.SubscriptionCacheServiceTest" time="0.001">
    <system-out><![CDATA[09:46:16.923 [main] INFO com.company.deliverylistener.application.service.SubscriptionCacheService -- Refreshing subscription cache from DynamoDB
09:46:16.923 [main] INFO com.company.deliverylistener.application.service.SubscriptionCacheService -- Subscription cache refreshed: total=1 active=0 topics=[]
]]></system-out>
  </testcase>
  <testcase name="findByTopic_returnsMatchingSubscriptions" classname="com.company.deliverylistener.service.SubscriptionCacheServiceTest" time="0.002">
    <system-out><![CDATA[09:46:16.924 [main] INFO com.company.deliverylistener.application.service.SubscriptionCacheService -- Refreshing subscription cache from DynamoDB
09:46:16.925 [main] INFO com.company.deliverylistener.application.service.SubscriptionCacheService -- Subscription cache refreshed: total=3 active=3 topics=[Uscb.cardTracker.v1.0, Microsoft.cardShip.v1.0]
]]></system-out>
  </testcase>
</testsuite>